BUILD: Computing Include file dependencies:
BUILD: Examining d:\amdfdrv\source\dd directory for files to compile.
Compiling d:\amdfdrv\source\dd directory ********************
'nmake.exe /c BUILDMSG=Stop. -i NTTEST= UMTEST= NOLINK=1 NOPASS0=1 386=1'
cl -nologo -Ii386\ -I. -IC:\WINDDK\3790\inc\mfc42 -Iobjfre_w2K_x86\i386 -IC:\WINDDK\3790\inc\w2K -IC:\WINDDK\3790\inc\w2K -IC:\WINDDK\3790\inc\ddk\w2K -IC:\WINDDK\3790\inc\ddk\wdm\w2K -IC:\WINDDK\3790\inc\crt -D_X86_=1 -Di386=1  -DSTD_CALL -DCONDITION_HANDLING=1   -DNT_INST=0 -DWIN32=100 -D_NT1X_=100 -DWINNT=1 -D_WIN32_WINNT=0x0500 /DWINVER=0x0500 -D_WIN32_IE=0x0501    -DWIN32_LEAN_AND_MEAN=1 -DDEVL=1 -D__BUILDMACHINE__=WinDDK -DFPO=1  -DNDEBUG -D_DLL=1      /c /Zel /Zp8 /Gy /Gi- /Gm- -cbstring /W3 /WX /Gz  /QIfdiv- /G6 /GX-  /GR- /GF  -Z7 /Oxs  /Oy   -FIC:\WINDDK\3790\inc\w2K\warning.h   .\amdfdrv.c 
amdfdrv.c

Stop.
Linking d:\amdfdrv\source\dd directory ********************
'nmake.exe /c BUILDMSG=Stop. -i LINKONLY=1 NOPASS0=1 NTTEST= UMTEST= 386=1'
	link -out:D:\ntddk\lib\i386\amdfdrv.sys -machine:ix86 @C:\DOCUME~1\ADMINI~1\LOCALS~1\Temp\nm6.tmp
Microsoft (R) Incremental Linker Version 7.10.2179
Copyright (C) Microsoft Corporation.  All rights reserved.

-MERGE:_PAGE=PAGE 
-MERGE:_TEXT=.text 
-SECTION:INIT,d 
-OPT:REF 
-OPT:ICF 
-IGNORE:4198,4010,4037,4039,4065,4070,4078,4087,4089,4221 
-INCREMENTAL:NO 
-FULLBUILD 
/release 
-NODEFAULTLIB 
/WX 
-debug:FULL 
-debugtype:cv 
-version:5.0 
-osversion:5.0 
-STACK:0x40000,0x1000 
-driver 
-base:0x10000 
-align:0x80 /stub:C:\WINDDK\3790\lib\w2K\stub512.com 
-subsystem:native,5.00 
-entry:DriverEntry@8 
-out:D:\ntddk\lib\i386\amdfdrv.sys 
objfre_w2K_x86\i386\amdfdrv.obj 
C:\WINDDK\3790\lib\w2K\i386\ntoskrnl.lib 
C:\WINDDK\3790\lib\w2K\i386\hal.lib 
C:\WINDDK\3790\lib\w2K\i386\wmilib.lib 
C:\WINDDK\3790\lib\w2K\i386\sehupd.lib 
	echo Skip Binplace:
Skip Binplace:

Stop.
